INFO [2026-06-23 10:00:55] $x
INFO [2026-06-23 10:00:55] candidates
INFO [2026-06-23 10:00:55] 
INFO [2026-06-23 10:00:55] $filename
INFO [2026-06-23 10:00:55] NULL
INFO [2026-06-23 10:00:55] 
INFO [2026-06-23 10:00:55] $col
INFO [2026-06-23 10:00:55] [1] "transparent"
INFO [2026-06-23 10:00:55] 
INFO [2026-06-23 10:00:55] $fill
INFO [2026-06-23 10:00:55] c("blue", "orange")
INFO [2026-06-23 10:00:55] 
INFO [2026-06-23 10:00:55] $alpha
INFO [2026-06-23 10:00:55] [1] 0.5
INFO [2026-06-23 10:00:55] 
INFO [2026-06-23 10:00:55] $cex
INFO [2026-06-23 10:00:55] [1] 1.5
INFO [2026-06-23 10:00:55] 
INFO [2026-06-23 10:00:55] $fontfamily
INFO [2026-06-23 10:00:55] [1] "sans"
INFO [2026-06-23 10:00:55] 
